Analysis & Synthesis report for pet_royale
Thu Nov 21 16:59:26 2019
Quartus Prime Version 18.1.0 Build 625 09/12/2018 SJ Lite Edition


---------------------
; Table of Contents ;
---------------------
  1. Legal Notice
  2. Analysis & Synthesis Summary
  3. Analysis & Synthesis Settings
  4. Parallel Compilation
  5. Analysis & Synthesis Source Files Read
  6. Analysis & Synthesis Resource Usage Summary
  7. Analysis & Synthesis Resource Utilization by Entity
  8. State Machine - |game_main|keyboard_tracker:t1|curr_state
  9. State Machine - |game_main|keyboard_tracker:t1|PS2_Controller:core_driver|s_ps2_transceiver
 10. State Machine - |game_main|keyboard_tracker:t1|PS2_Controller:core_driver|Altera_UP_PS2_Command_Out:PS2_Command_Out|s_ps2_transmitter
 11. State Machine - |game_main|keyboard_tracker:t1|PS2_Controller:core_driver|Altera_UP_PS2_Data_In:PS2_Data_In|s_ps2_receiver
 12. Registers Removed During Synthesis
 13. Removed Registers Triggering Further Register Optimizations
 14. General Register Statistics
 15. Multiplexer Restructuring Statistics (Restructuring Performed)
 16. Parameter Settings for User Entity Instance: keyboard_tracker:t1
 17. Parameter Settings for User Entity Instance: keyboard_tracker:t1|PS2_Controller:core_driver
 18. Parameter Settings for User Entity Instance: keyboard_tracker:t1|PS2_Controller:core_driver|Altera_UP_PS2_Command_Out:PS2_Command_Out
 19. Port Connectivity Checks: "game_control:main_control|ssg:h4"
 20. Port Connectivity Checks: "game_control:main_control|ssg:h3"
 21. Port Connectivity Checks: "game_control:main_control|ssg:h2"
 22. Port Connectivity Checks: "game_control:main_control|ssg:h1"
 23. Port Connectivity Checks: "game_datapath:main_datapath"
 24. Port Connectivity Checks: "keyboard_tracker:t1|PS2_Controller:core_driver"
 25. Post-Synthesis Netlist Statistics for Top Partition
 26. Elapsed Time Per Partition
 27. Analysis & Synthesis Messages



----------------
; Legal Notice ;
----------------
Copyright (C) 2018  Intel Corporation. All rights reserved.
Your use of Intel Corporation's design tools, logic functions 
and other software and tools, and its AMPP partner logic 
functions, and any output files from any of the foregoing 
(including device programming or simulation files), and any 
associated documentation or information are expressly subject 
to the terms and conditions of the Intel Program License 
Subscription Agreement, the Intel Quartus Prime License Agreement,
the Intel FPGA IP License Agreement, or other applicable license
agreement, including, without limitation, that your use is for
the sole purpose of programming logic devices manufactured by
Intel and sold by Intel or its authorized distributors.  Please
refer to the applicable agreement for further details.



+-------------------------------------------------------------------------------+
; Analysis & Synthesis Summary                                                  ;
+---------------------------------+---------------------------------------------+
; Analysis & Synthesis Status     ; Successful - Thu Nov 21 16:59:26 2019       ;
; Quartus Prime Version           ; 18.1.0 Build 625 09/12/2018 SJ Lite Edition ;
; Revision Name                   ; pet_royale                                  ;
; Top-level Entity Name           ; game_main                                   ;
; Family                          ; Cyclone V                                   ;
; Logic utilization (in ALMs)     ; N/A                                         ;
; Total registers                 ; 149                                         ;
; Total pins                      ; 90                                          ;
; Total virtual pins              ; 0                                           ;
; Total block memory bits         ; 0                                           ;
; Total DSP Blocks                ; 0                                           ;
; Total HSSI RX PCSs              ; 0                                           ;
; Total HSSI PMA RX Deserializers ; 0                                           ;
; Total HSSI TX PCSs              ; 0                                           ;
; Total HSSI PMA TX Serializers   ; 0                                           ;
; Total PLLs                      ; 0                                           ;
; Total DLLs                      ; 0                                           ;
+---------------------------------+---------------------------------------------+


+---------------------------------------------------------------------------------------------------------------------------+
; Analysis & Synthesis Settings                                                                                             ;
+---------------------------------------------------------------------------------+--------------------+--------------------+
; Option                                                                          ; Setting            ; Default Value      ;
+---------------------------------------------------------------------------------+--------------------+--------------------+
; Device                                                                          ; 5CSEMA5F31C6       ;                    ;
; Top-level entity name                                                           ; game_main          ; pet_royale         ;
; Family name                                                                     ; Cyclone V          ; Cyclone V          ;
; Use smart compilation                                                           ; Off                ; Off                ;
; Enable parallel Assembler and Timing Analyzer during compilation                ; On                 ; On                 ;
; Enable compact report table                                                     ; Off                ; Off                ;
; Restructure Multiplexers                                                        ; Auto               ; Auto               ;
; MLAB Add Timing Constraints For Mixed-Port Feed-Through Mode Setting Don't Care ; Off                ; Off                ;
; Create Debugging Nodes for IP Cores                                             ; Off                ; Off                ;
; Preserve fewer node names                                                       ; On                 ; On                 ;
; Intel FPGA IP Evaluation Mode                                                   ; Enable             ; Enable             ;
; Verilog Version                                                                 ; Verilog_2001       ; Verilog_2001       ;
; VHDL Version                                                                    ; VHDL_1993          ; VHDL_1993          ;
; State Machine Processing                                                        ; Auto               ; Auto               ;
; Safe State Machine                                                              ; Off                ; Off                ;
; Extract Verilog State Machines                                                  ; On                 ; On                 ;
; Extract VHDL State Machines                                                     ; On                 ; On                 ;
; Ignore Verilog initial constructs                                               ; Off                ; Off                ;
; Iteration limit for constant Verilog loops                                      ; 5000               ; 5000               ;
; Iteration limit for non-constant Verilog loops                                  ; 250                ; 250                ;
; Add Pass-Through Logic to Inferred RAMs                                         ; On                 ; On                 ;
; Infer RAMs from Raw Logic                                                       ; On                 ; On                 ;
; Parallel Synthesis                                                              ; On                 ; On                 ;
; DSP Block Balancing                                                             ; Auto               ; Auto               ;
; NOT Gate Push-Back                                                              ; On                 ; On                 ;
; Power-Up Don't Care                                                             ; On                 ; On                 ;
; Remove Redundant Logic Cells                                                    ; Off                ; Off                ;
; Remove Duplicate Registers                                                      ; On                 ; On                 ;
; Ignore CARRY Buffers                                                            ; Off                ; Off                ;
; Ignore CASCADE Buffers                                                          ; Off                ; Off                ;
; Ignore GLOBAL Buffers                                                           ; Off                ; Off                ;
; Ignore ROW GLOBAL Buffers                                                       ; Off                ; Off                ;
; Ignore LCELL Buffers                                                            ; Off                ; Off                ;
; Ignore SOFT Buffers                                                             ; On                 ; On                 ;
; Limit AHDL Integers to 32 Bits                                                  ; Off                ; Off                ;
; Optimization Technique                                                          ; Balanced           ; Balanced           ;
; Carry Chain Length                                                              ; 70                 ; 70                 ;
; Auto Carry Chains                                                               ; On                 ; On                 ;
; Auto Open-Drain Pins                                                            ; On                 ; On                 ;
; Perform WYSIWYG Primitive Resynthesis                                           ; Off                ; Off                ;
; Auto ROM Replacement                                                            ; On                 ; On                 ;
; Auto RAM Replacement                                                            ; On                 ; On                 ;
; Auto DSP Block Replacement                                                      ; On                 ; On                 ;
; Auto Shift Register Replacement                                                 ; Auto               ; Auto               ;
; Allow Shift Register Merging across Hierarchies                                 ; Auto               ; Auto               ;
; Auto Clock Enable Replacement                                                   ; On                 ; On                 ;
; Strict RAM Replacement                                                          ; Off                ; Off                ;
; Allow Synchronous Control Signals                                               ; On                 ; On                 ;
; Force Use of Synchronous Clear Signals                                          ; Off                ; Off                ;
; Auto Resource Sharing                                                           ; Off                ; Off                ;
; Allow Any RAM Size For Recognition                                              ; Off                ; Off                ;
; Allow Any ROM Size For Recognition                                              ; Off                ; Off                ;
; Allow Any Shift Register Size For Recognition                                   ; Off                ; Off                ;
; Use LogicLock Constraints during Resource Balancing                             ; On                 ; On                 ;
; Ignore translate_off and synthesis_off directives                               ; Off                ; Off                ;
; Timing-Driven Synthesis                                                         ; On                 ; On                 ;
; Report Parameter Settings                                                       ; On                 ; On                 ;
; Report Source Assignments                                                       ; On                 ; On                 ;
; Report Connectivity Checks                                                      ; On                 ; On                 ;
; Ignore Maximum Fan-Out Assignments                                              ; Off                ; Off                ;
; Synchronization Register Chain Length                                           ; 3                  ; 3                  ;
; Power Optimization During Synthesis                                             ; Normal compilation ; Normal compilation ;
; HDL message level                                                               ; Level2             ; Level2             ;
; Suppress Register Optimization Related Messages                                 ; Off                ; Off                ;
; Number of Removed Registers Reported in Synthesis Report                        ; 5000               ; 5000               ;
; Number of Swept Nodes Reported in Synthesis Report                              ; 5000               ; 5000               ;
; Number of Inverted Registers Reported in Synthesis Report                       ; 100                ; 100                ;
; Clock MUX Protection                                                            ; On                 ; On                 ;
; Auto Gated Clock Conversion                                                     ; Off                ; Off                ;
; Block Design Naming                                                             ; Auto               ; Auto               ;
; SDC constraint protection                                                       ; Off                ; Off                ;
; Synthesis Effort                                                                ; Auto               ; Auto               ;
; Shift Register Replacement - Allow Asynchronous Clear Signal                    ; On                 ; On                 ;
; Pre-Mapping Resynthesis Optimization                                            ; Off                ; Off                ;
; Analysis & Synthesis Message Level                                              ; Medium             ; Medium             ;
; Disable Register Merging Across Hierarchies                                     ; Auto               ; Auto               ;
; Resource Aware Inference For Block RAM                                          ; On                 ; On                 ;
; Automatic Parallel Synthesis                                                    ; On                 ; On                 ;
; Partial Reconfiguration Bitstream ID                                            ; Off                ; Off                ;
+---------------------------------------------------------------------------------+--------------------+--------------------+


+------------------------------------------+
; Parallel Compilation                     ;
+----------------------------+-------------+
; Processors                 ; Number      ;
+----------------------------+-------------+
; Number detected on machine ; 4           ;
; Maximum allowed            ; 4           ;
;                            ;             ;
; Average used               ; 1.00        ;
; Maximum used               ; 4           ;
;                            ;             ;
; Usage by Processor         ; % Time Used ;
;     Processor 1            ; 100.0%      ;
;     Processors 2-4         ;   0.0%      ;
+----------------------------+-------------+


+---------------------------------------------------------------------------------------------------------------------------------------------------------------------------------------------------+
; Analysis & Synthesis Source Files Read                                                                                                                                                            ;
+----------------------------------+-----------------+------------------------------+-----------------------------------------------------------------------------------------------------+---------+
; File Name with User-Entered Path ; Used in Netlist ; File Type                    ; File Name with Absolute Path                                                                        ; Library ;
+----------------------------------+-----------------+------------------------------+-----------------------------------------------------------------------------------------------------+---------+
; game_main.v                      ; yes             ; User Verilog HDL File        ; C:/Users/kev/Documents/csc/2019fall/csc258/lab/petroyale/game_main.v                                ;         ;
; keyboard_tracker.v               ; yes             ; Auto-Found Verilog HDL File  ; C:/Users/kev/Documents/csc/2019fall/csc258/lab/petroyale/custom_modules/keyboard_tracker.v          ;         ;
; altera_up_ps2_data_in.v          ; yes             ; Auto-Found Verilog HDL File  ; C:/Users/kev/Documents/csc/2019fall/csc258/lab/petroyale/custom_modules/altera_up_ps2_data_in.v     ;         ;
; altera_up_ps2_command_out.v      ; yes             ; Auto-Found Verilog HDL File  ; C:/Users/kev/Documents/csc/2019fall/csc258/lab/petroyale/custom_modules/altera_up_ps2_command_out.v ;         ;
; ssg.v                            ; yes             ; Auto-Found Verilog HDL File  ; C:/Users/kev/Documents/csc/2019fall/csc258/lab/petroyale/custom_modules/ssg.v                       ;         ;
; rng.v                            ; yes             ; Auto-Found Verilog HDL File  ; C:/Users/kev/Documents/csc/2019fall/csc258/lab/petroyale/custom_modules/rng.v                       ;         ;
+----------------------------------+-----------------+------------------------------+-----------------------------------------------------------------------------------------------------+---------+


+--------------------------------------------------------------+
; Analysis & Synthesis Resource Usage Summary                  ;
+---------------------------------------------+----------------+
; Resource                                    ; Usage          ;
+---------------------------------------------+----------------+
; Estimate of Logic utilization (ALMs needed) ; 174            ;
;                                             ;                ;
; Combinational ALUT usage for logic          ; 269            ;
;     -- 7 input functions                    ; 1              ;
;     -- 6 input functions                    ; 74             ;
;     -- 5 input functions                    ; 48             ;
;     -- 4 input functions                    ; 49             ;
;     -- <=3 input functions                  ; 97             ;
;                                             ;                ;
; Dedicated logic registers                   ; 149            ;
;                                             ;                ;
; I/O pins                                    ; 90             ;
;                                             ;                ;
; Total DSP Blocks                            ; 0              ;
;                                             ;                ;
; Maximum fan-out node                        ; CLOCK_50~input ;
; Maximum fan-out                             ; 149            ;
; Total fan-out                               ; 1723           ;
; Average fan-out                             ; 2.87           ;
+---------------------------------------------+----------------+


+----------------------------------------------------------------------------------------------------------------------------------------------------------------------------------------------------------------------------------------------------------------------------------------------------------------+
; Analysis & Synthesis Resource Utilization by Entity                                                                                                                                                                                                                                                            ;
+------------------------------------------------------+---------------------+---------------------------+-------------------+------------+------+--------------+-----------------------------------------------------------------------------------------------------+---------------------------+--------------+
; Compilation Hierarchy Node                           ; Combinational ALUTs ; Dedicated Logic Registers ; Block Memory Bits ; DSP Blocks ; Pins ; Virtual Pins ; Full Hierarchy Name                                                                                 ; Entity Name               ; Library Name ;
+------------------------------------------------------+---------------------+---------------------------+-------------------+------------+------+--------------+-----------------------------------------------------------------------------------------------------+---------------------------+--------------+
; |game_main                                           ; 269 (0)             ; 149 (0)                   ; 0                 ; 0          ; 90   ; 0            ; |game_main                                                                                          ; game_main                 ; work         ;
;    |game_control:main_control|                       ; 119 (82)            ; 44 (36)                   ; 0                 ; 0          ; 0    ; 0            ; |game_main|game_control:main_control                                                                ; game_control              ; work         ;
;       |RNG:r0|                                       ; 9 (9)               ; 8 (8)                     ; 0                 ; 0          ; 0    ; 0            ; |game_main|game_control:main_control|RNG:r0                                                         ; RNG                       ; work         ;
;       |ssg:h1|                                       ; 7 (7)               ; 0 (0)                     ; 0                 ; 0          ; 0    ; 0            ; |game_main|game_control:main_control|ssg:h1                                                         ; ssg                       ; work         ;
;       |ssg:h2|                                       ; 7 (7)               ; 0 (0)                     ; 0                 ; 0          ; 0    ; 0            ; |game_main|game_control:main_control|ssg:h2                                                         ; ssg                       ; work         ;
;       |ssg:h3|                                       ; 7 (7)               ; 0 (0)                     ; 0                 ; 0          ; 0    ; 0            ; |game_main|game_control:main_control|ssg:h3                                                         ; ssg                       ; work         ;
;       |ssg:h4|                                       ; 7 (7)               ; 0 (0)                     ; 0                 ; 0          ; 0    ; 0            ; |game_main|game_control:main_control|ssg:h4                                                         ; ssg                       ; work         ;
;    |keyboard_tracker:t1|                             ; 150 (42)            ; 105 (15)                  ; 0                 ; 0          ; 0    ; 0            ; |game_main|keyboard_tracker:t1                                                                      ; keyboard_tracker          ; work         ;
;       |PS2_Controller:core_driver|                   ; 108 (6)             ; 90 (5)                    ; 0                 ; 0          ; 0    ; 0            ; |game_main|keyboard_tracker:t1|PS2_Controller:core_driver                                           ; PS2_Controller            ; work         ;
;          |Altera_UP_PS2_Command_Out:PS2_Command_Out| ; 86 (86)             ; 60 (60)                   ; 0                 ; 0          ; 0    ; 0            ; |game_main|keyboard_tracker:t1|PS2_Controller:core_driver|Altera_UP_PS2_Command_Out:PS2_Command_Out ; Altera_UP_PS2_Command_Out ; work         ;
;          |Altera_UP_PS2_Data_In:PS2_Data_In|         ; 16 (16)             ; 25 (25)                   ; 0                 ; 0          ; 0    ; 0            ; |game_main|keyboard_tracker:t1|PS2_Controller:core_driver|Altera_UP_PS2_Data_In:PS2_Data_In         ; Altera_UP_PS2_Data_In     ; work         ;
+------------------------------------------------------+---------------------+---------------------------+-------------------+------------+------+--------------+-----------------------------------------------------------------------------------------------------+---------------------------+--------------+
Note: For table entries with two numbers listed, the numbers in parentheses indicate the number of resources of the given type used by the specific entity alone. The numbers listed outside of parentheses indicate the total resources of the given type used by the specific entity and all of its sub-entities in the hierarchy.


Encoding Type:  One-Hot
+--------------------------------------------------------------------------------------------------------------------------+
; State Machine - |game_main|keyboard_tracker:t1|curr_state                                                                ;
+----------------------------+----------------------------+---------------------------+------------------+-----------------+
; Name                       ; curr_state.SECONDARY_BREAK ; curr_state.SECONDARY_MAKE ; curr_state.BREAK ; curr_state.MAKE ;
+----------------------------+----------------------------+---------------------------+------------------+-----------------+
; curr_state.MAKE            ; 0                          ; 0                         ; 0                ; 0               ;
; curr_state.BREAK           ; 0                          ; 0                         ; 1                ; 1               ;
; curr_state.SECONDARY_MAKE  ; 0                          ; 1                         ; 0                ; 1               ;
; curr_state.SECONDARY_BREAK ; 1                          ; 0                         ; 0                ; 1               ;
+----------------------------+----------------------------+---------------------------+------------------+-----------------+


Encoding Type:  One-Hot
+--------------------------------------------------------------------------------------------------------------------------------------------------------------------------------------------------------------------------------------------------------------+
; State Machine - |game_main|keyboard_tracker:t1|PS2_Controller:core_driver|s_ps2_transceiver                                                                                                                                                                  ;
+--------------------------------------------+--------------------------------------------+-------------------------------------------+---------------------------------------+------------------------------------+-------------------------------------------+
; Name                                       ; s_ps2_transceiver.PS2_STATE_3_END_TRANSFER ; s_ps2_transceiver.PS2_STATE_2_COMMAND_OUT ; s_ps2_transceiver.PS2_STATE_1_DATA_IN ; s_ps2_transceiver.PS2_STATE_0_IDLE ; s_ps2_transceiver.PS2_STATE_4_END_DELAYED ;
+--------------------------------------------+--------------------------------------------+-------------------------------------------+---------------------------------------+------------------------------------+-------------------------------------------+
; s_ps2_transceiver.PS2_STATE_0_IDLE         ; 0                                          ; 0                                         ; 0                                     ; 0                                  ; 0                                         ;
; s_ps2_transceiver.PS2_STATE_1_DATA_IN      ; 0                                          ; 0                                         ; 1                                     ; 1                                  ; 0                                         ;
; s_ps2_transceiver.PS2_STATE_2_COMMAND_OUT  ; 0                                          ; 1                                         ; 0                                     ; 1                                  ; 0                                         ;
; s_ps2_transceiver.PS2_STATE_3_END_TRANSFER ; 1                                          ; 0                                         ; 0                                     ; 1                                  ; 0                                         ;
; s_ps2_transceiver.PS2_STATE_4_END_DELAYED  ; 0                                          ; 0                                         ; 0                                     ; 1                                  ; 1                                         ;
+--------------------------------------------+--------------------------------------------+-------------------------------------------+---------------------------------------+------------------------------------+-------------------------------------------+


Encoding Type:  One-Hot
+-----------------------------------------------------------------------------------------------------------------------------------------------------------------------------------------------------------------------------------------------------------------------------------------------------------------------------------------------------------------------------------------------------------------------------------------------------+
; State Machine - |game_main|keyboard_tracker:t1|PS2_Controller:core_driver|Altera_UP_PS2_Command_Out:PS2_Command_Out|s_ps2_transmitter                                                                                                                                                                                                                                                                                                               ;
+------------------------------------------------------+--------------------------------------------------+------------------------------------------------+-----------------------------------------------+-------------------------------------------------+---------------------------------------------+----------------------------------------------+------------------------------------------------------+------------------------------------+
; Name                                                 ; s_ps2_transmitter.PS2_STATE_7_TRANSMISSION_ERROR ; s_ps2_transmitter.PS2_STATE_6_COMMAND_WAS_SENT ; s_ps2_transmitter.PS2_STATE_5_RECEIVE_ACK_BIT ; s_ps2_transmitter.PS2_STATE_4_TRANSMIT_STOP_BIT ; s_ps2_transmitter.PS2_STATE_3_TRANSMIT_DATA ; s_ps2_transmitter.PS2_STATE_2_WAIT_FOR_CLOCK ; s_ps2_transmitter.PS2_STATE_1_INITIATE_COMMUNICATION ; s_ps2_transmitter.PS2_STATE_0_IDLE ;
+------------------------------------------------------+--------------------------------------------------+------------------------------------------------+-----------------------------------------------+-------------------------------------------------+---------------------------------------------+----------------------------------------------+------------------------------------------------------+------------------------------------+
; s_ps2_transmitter.PS2_STATE_0_IDLE                   ; 0                                                ; 0                                              ; 0                                             ; 0                                               ; 0                                           ; 0                                            ; 0                                                    ; 0                                  ;
; s_ps2_transmitter.PS2_STATE_1_INITIATE_COMMUNICATION ; 0                                                ; 0                                              ; 0                                             ; 0                                               ; 0                                           ; 0                                            ; 1                                                    ; 1                                  ;
; s_ps2_transmitter.PS2_STATE_2_WAIT_FOR_CLOCK         ; 0                                                ; 0                                              ; 0                                             ; 0                                               ; 0                                           ; 1                                            ; 0                                                    ; 1                                  ;
; s_ps2_transmitter.PS2_STATE_3_TRANSMIT_DATA          ; 0                                                ; 0                                              ; 0                                             ; 0                                               ; 1                                           ; 0                                            ; 0                                                    ; 1                                  ;
; s_ps2_transmitter.PS2_STATE_4_TRANSMIT_STOP_BIT      ; 0                                                ; 0                                              ; 0                                             ; 1                                               ; 0                                           ; 0                                            ; 0                                                    ; 1                                  ;
; s_ps2_transmitter.PS2_STATE_5_RECEIVE_ACK_BIT        ; 0                                                ; 0                                              ; 1                                             ; 0                                               ; 0                                           ; 0                                            ; 0                                                    ; 1                                  ;
; s_ps2_transmitter.PS2_STATE_6_COMMAND_WAS_SENT       ; 0                                                ; 1                                              ; 0                                             ; 0                                               ; 0                                           ; 0                                            ; 0                                                    ; 1                                  ;
; s_ps2_transmitter.PS2_STATE_7_TRANSMISSION_ERROR     ; 1                                                ; 0                                              ; 0                                             ; 0                                               ; 0                                           ; 0                                            ; 0                                                    ; 1                                  ;
+------------------------------------------------------+--------------------------------------------------+------------------------------------------------+-----------------------------------------------+-------------------------------------------------+---------------------------------------------+----------------------------------------------+------------------------------------------------------+------------------------------------+


Encoding Type:  One-Hot
+----------------------------------------------------------------------------------------------------------------------------------------------------------------------------------------------------------------------------------------+
; State Machine - |game_main|keyboard_tracker:t1|PS2_Controller:core_driver|Altera_UP_PS2_Data_In:PS2_Data_In|s_ps2_receiver                                                                                                             ;
+------------------------------------------+--------------------------------------+------------------------------------+------------------------------------------+---------------------------------+------------------------------------+
; Name                                     ; s_ps2_receiver.PS2_STATE_3_PARITY_IN ; s_ps2_receiver.PS2_STATE_2_DATA_IN ; s_ps2_receiver.PS2_STATE_1_WAIT_FOR_DATA ; s_ps2_receiver.PS2_STATE_0_IDLE ; s_ps2_receiver.PS2_STATE_4_STOP_IN ;
+------------------------------------------+--------------------------------------+------------------------------------+------------------------------------------+---------------------------------+------------------------------------+
; s_ps2_receiver.PS2_STATE_0_IDLE          ; 0                                    ; 0                                  ; 0                                        ; 0                               ; 0                                  ;
; s_ps2_receiver.PS2_STATE_1_WAIT_FOR_DATA ; 0                                    ; 0                                  ; 1                                        ; 1                               ; 0                                  ;
; s_ps2_receiver.PS2_STATE_2_DATA_IN       ; 0                                    ; 1                                  ; 0                                        ; 1                               ; 0                                  ;
; s_ps2_receiver.PS2_STATE_3_PARITY_IN     ; 1                                    ; 0                                  ; 0                                        ; 1                               ; 0                                  ;
; s_ps2_receiver.PS2_STATE_4_STOP_IN       ; 0                                    ; 0                                  ; 0                                        ; 1                               ; 1                                  ;
+------------------------------------------+--------------------------------------+------------------------------------+------------------------------------------+---------------------------------+------------------------------------+


+-----------------------------------------------------------------------------------------------------------------------------------------------------------------------------------------------------------------------------------------------------------------+
; Registers Removed During Synthesis                                                                                                                                                                                                                              ;
+-------------------------------------------------------------------------------------------------------------------------------------------+---------------------------------------------------------------------------------------------------------------------+
; Register name                                                                                                                             ; Reason for Removal                                                                                                  ;
+-------------------------------------------------------------------------------------------------------------------------------------------+---------------------------------------------------------------------------------------------------------------------+
; game_control:main_control|control_states[4..6]                                                                                            ; Stuck at GND due to stuck port data_in                                                                              ;
; keyboard_tracker:t1|PS2_Controller:core_driver|idle_counter[0..7]                                                                         ; Lost fanout                                                                                                         ;
; game_control:main_control|player2_current[2]                                                                                              ; Stuck at GND due to stuck port data_in                                                                              ;
; game_control:main_control|player1_current[2]                                                                                              ; Stuck at GND due to stuck port data_in                                                                              ;
; game_control:main_control|player2_pet4[2]                                                                                                 ; Stuck at VCC due to stuck port data_in                                                                              ;
; game_control:main_control|player2_pet3[2]                                                                                                 ; Stuck at VCC due to stuck port data_in                                                                              ;
; game_control:main_control|player2_pet2[2]                                                                                                 ; Stuck at VCC due to stuck port data_in                                                                              ;
; game_control:main_control|player2_pet1[2]                                                                                                 ; Stuck at VCC due to stuck port data_in                                                                              ;
; game_control:main_control|player1_pet4[2]                                                                                                 ; Stuck at VCC due to stuck port data_in                                                                              ;
; game_control:main_control|player1_pet3[2]                                                                                                 ; Stuck at VCC due to stuck port data_in                                                                              ;
; game_control:main_control|player1_pet2[2]                                                                                                 ; Stuck at VCC due to stuck port data_in                                                                              ;
; game_control:main_control|player1_pet1[2]                                                                                                 ; Stuck at VCC due to stuck port data_in                                                                              ;
; game_control:main_control|player2_pet1[0,1]                                                                                               ; Lost fanout                                                                                                         ;
; game_control:main_control|player2_pet2[0,1]                                                                                               ; Lost fanout                                                                                                         ;
; game_control:main_control|player2_pet3[0,1]                                                                                               ; Lost fanout                                                                                                         ;
; game_control:main_control|player2_pet4[0,1]                                                                                               ; Lost fanout                                                                                                         ;
; keyboard_tracker:t1|PS2_Controller:core_driver|Altera_UP_PS2_Command_Out:PS2_Command_Out|ps2_command[1..7]                                ; Merged with keyboard_tracker:t1|PS2_Controller:core_driver|Altera_UP_PS2_Command_Out:PS2_Command_Out|ps2_command[0] ;
; keyboard_tracker:t1|PS2_Controller:core_driver|Altera_UP_PS2_Command_Out:PS2_Command_Out|ps2_command[0]                                   ; Stuck at GND due to stuck port data_in                                                                              ;
; keyboard_tracker:t1|curr_state~5                                                                                                          ; Lost fanout                                                                                                         ;
; keyboard_tracker:t1|curr_state~6                                                                                                          ; Lost fanout                                                                                                         ;
; keyboard_tracker:t1|PS2_Controller:core_driver|s_ps2_transceiver~2                                                                        ; Lost fanout                                                                                                         ;
; keyboard_tracker:t1|PS2_Controller:core_driver|s_ps2_transceiver~3                                                                        ; Lost fanout                                                                                                         ;
; keyboard_tracker:t1|PS2_Controller:core_driver|Altera_UP_PS2_Command_Out:PS2_Command_Out|s_ps2_transmitter~2                              ; Lost fanout                                                                                                         ;
; keyboard_tracker:t1|PS2_Controller:core_driver|Altera_UP_PS2_Command_Out:PS2_Command_Out|s_ps2_transmitter~3                              ; Lost fanout                                                                                                         ;
; keyboard_tracker:t1|PS2_Controller:core_driver|Altera_UP_PS2_Command_Out:PS2_Command_Out|s_ps2_transmitter~4                              ; Lost fanout                                                                                                         ;
; keyboard_tracker:t1|PS2_Controller:core_driver|Altera_UP_PS2_Data_In:PS2_Data_In|s_ps2_receiver~2                                         ; Lost fanout                                                                                                         ;
; keyboard_tracker:t1|PS2_Controller:core_driver|Altera_UP_PS2_Data_In:PS2_Data_In|s_ps2_receiver~3                                         ; Lost fanout                                                                                                         ;
; keyboard_tracker:t1|curr_state.BREAK                                                                                                      ; Lost fanout                                                                                                         ;
; keyboard_tracker:t1|curr_state.SECONDARY_MAKE                                                                                             ; Lost fanout                                                                                                         ;
; keyboard_tracker:t1|curr_state.SECONDARY_BREAK                                                                                            ; Lost fanout                                                                                                         ;
; keyboard_tracker:t1|PS2_Controller:core_driver|s_ps2_transceiver.PS2_STATE_2_COMMAND_OUT                                                  ; Stuck at GND due to stuck port data_in                                                                              ;
; keyboard_tracker:t1|PS2_Controller:core_driver|s_ps2_transceiver.PS2_STATE_4_END_DELAYED                                                  ; Stuck at GND due to stuck port data_in                                                                              ;
; keyboard_tracker:t1|PS2_Controller:core_driver|Altera_UP_PS2_Command_Out:PS2_Command_Out|command_was_sent                                 ; Lost fanout                                                                                                         ;
; keyboard_tracker:t1|PS2_Controller:core_driver|Altera_UP_PS2_Command_Out:PS2_Command_Out|error_communication_timed_out                    ; Lost fanout                                                                                                         ;
; keyboard_tracker:t1|PS2_Controller:core_driver|s_ps2_transceiver.PS2_STATE_3_END_TRANSFER                                                 ; Stuck at GND due to stuck port data_in                                                                              ;
; keyboard_tracker:t1|PS2_Controller:core_driver|Altera_UP_PS2_Data_In:PS2_Data_In|s_ps2_receiver.PS2_STATE_1_WAIT_FOR_DATA                 ; Stuck at GND due to stuck port data_in                                                                              ;
; keyboard_tracker:t1|PS2_Controller:core_driver|Altera_UP_PS2_Command_Out:PS2_Command_Out|s_ps2_transmitter.PS2_STATE_0_IDLE               ; Stuck at GND due to stuck port data_in                                                                              ;
; keyboard_tracker:t1|PS2_Controller:core_driver|Altera_UP_PS2_Command_Out:PS2_Command_Out|s_ps2_transmitter.PS2_STATE_6_COMMAND_WAS_SENT   ; Lost fanout                                                                                                         ;
; keyboard_tracker:t1|PS2_Controller:core_driver|Altera_UP_PS2_Command_Out:PS2_Command_Out|s_ps2_transmitter.PS2_STATE_7_TRANSMISSION_ERROR ; Lost fanout                                                                                                         ;
; Total Number of Removed Registers = 58                                                                                                    ;                                                                                                                     ;
+-------------------------------------------------------------------------------------------------------------------------------------------+---------------------------------------------------------------------------------------------------------------------+


+------------------------------------------------------------------------------------------------------------------------------------------------------------------------------------------------------------------------------------------------------------------+
; Removed Registers Triggering Further Register Optimizations                                                                                                                                                                                                      ;
+------------------------------------------------------------------------------------------+---------------------------+-------------------------------------------------------------------------------------------------------------------------------------------+
; Register name                                                                            ; Reason for Removal        ; Registers Removed due to This Register                                                                                                    ;
+------------------------------------------------------------------------------------------+---------------------------+-------------------------------------------------------------------------------------------------------------------------------------------+
; keyboard_tracker:t1|PS2_Controller:core_driver|idle_counter[3]                           ; Lost Fanouts              ; keyboard_tracker:t1|PS2_Controller:core_driver|idle_counter[4],                                                                           ;
;                                                                                          ;                           ; keyboard_tracker:t1|PS2_Controller:core_driver|idle_counter[5],                                                                           ;
;                                                                                          ;                           ; keyboard_tracker:t1|PS2_Controller:core_driver|idle_counter[6],                                                                           ;
;                                                                                          ;                           ; keyboard_tracker:t1|PS2_Controller:core_driver|idle_counter[7]                                                                            ;
; keyboard_tracker:t1|PS2_Controller:core_driver|s_ps2_transceiver~2                       ; Lost Fanouts              ; keyboard_tracker:t1|PS2_Controller:core_driver|Altera_UP_PS2_Command_Out:PS2_Command_Out|command_was_sent,                                ;
;                                                                                          ;                           ; keyboard_tracker:t1|PS2_Controller:core_driver|Altera_UP_PS2_Command_Out:PS2_Command_Out|error_communication_timed_out,                   ;
;                                                                                          ;                           ; keyboard_tracker:t1|PS2_Controller:core_driver|Altera_UP_PS2_Command_Out:PS2_Command_Out|s_ps2_transmitter.PS2_STATE_6_COMMAND_WAS_SENT,  ;
;                                                                                          ;                           ; keyboard_tracker:t1|PS2_Controller:core_driver|Altera_UP_PS2_Command_Out:PS2_Command_Out|s_ps2_transmitter.PS2_STATE_7_TRANSMISSION_ERROR ;
; keyboard_tracker:t1|curr_state~5                                                         ; Lost Fanouts              ; keyboard_tracker:t1|curr_state.BREAK,                                                                                                     ;
;                                                                                          ;                           ; keyboard_tracker:t1|curr_state.SECONDARY_BREAK                                                                                            ;
; keyboard_tracker:t1|PS2_Controller:core_driver|s_ps2_transceiver.PS2_STATE_2_COMMAND_OUT ; Stuck at GND              ; keyboard_tracker:t1|PS2_Controller:core_driver|s_ps2_transceiver.PS2_STATE_3_END_TRANSFER,                                                ;
;                                                                                          ; due to stuck port data_in ; keyboard_tracker:t1|PS2_Controller:core_driver|Altera_UP_PS2_Data_In:PS2_Data_In|s_ps2_receiver.PS2_STATE_1_WAIT_FOR_DATA                 ;
; keyboard_tracker:t1|curr_state~6                                                         ; Lost Fanouts              ; keyboard_tracker:t1|curr_state.SECONDARY_MAKE                                                                                             ;
+------------------------------------------------------------------------------------------+---------------------------+-------------------------------------------------------------------------------------------------------------------------------------------+


+------------------------------------------------------+
; General Register Statistics                          ;
+----------------------------------------------+-------+
; Statistic                                    ; Value ;
+----------------------------------------------+-------+
; Total registers                              ; 149   ;
; Number of registers using Synchronous Clear  ; 90    ;
; Number of registers using Synchronous Load   ; 0     ;
; Number of registers using Asynchronous Clear ; 0     ;
; Number of registers using Asynchronous Load  ; 0     ;
; Number of registers using Clock Enable       ; 108   ;
; Number of registers using Preset             ; 0     ;
+----------------------------------------------+-------+


+------------------------------------------------------------------------------------------------------------------------------------------------------------------------------------------------------------------------------------------------+
; Multiplexer Restructuring Statistics (Restructuring Performed)                                                                                                                                                                                 ;
+--------------------+-----------+---------------+----------------------+------------------------+------------+----------------------------------------------------------------------------------------------------------------------------------+
; Multiplexer Inputs ; Bus Width ; Baseline Area ; Area if Restructured ; Saving if Restructured ; Registered ; Example Multiplexer Output                                                                                                       ;
+--------------------+-----------+---------------+----------------------+------------------------+------------+----------------------------------------------------------------------------------------------------------------------------------+
; 3:1                ; 8 bits    ; 16 LEs        ; 0 LEs                ; 16 LEs                 ; Yes        ; |game_main|keyboard_tracker:t1|PS2_Controller:core_driver|Altera_UP_PS2_Data_In:PS2_Data_In|received_data[5]                     ;
; 3:1                ; 4 bits    ; 8 LEs         ; 4 LEs                ; 4 LEs                  ; Yes        ; |game_main|game_control:main_control|RNG:r0|data_out[3]                                                                          ;
; 3:1                ; 4 bits    ; 8 LEs         ; 4 LEs                ; 4 LEs                  ; Yes        ; |game_main|game_control:main_control|RNG:r0|data_out[5]                                                                          ;
; 3:1                ; 8 bits    ; 16 LEs        ; 0 LEs                ; 16 LEs                 ; Yes        ; |game_main|keyboard_tracker:t1|PS2_Controller:core_driver|Altera_UP_PS2_Data_In:PS2_Data_In|data_shift_reg[2]                    ;
; 4:1                ; 13 bits   ; 26 LEs        ; 0 LEs                ; 26 LEs                 ; Yes        ; |game_main|keyboard_tracker:t1|PS2_Controller:core_driver|Altera_UP_PS2_Command_Out:PS2_Command_Out|command_initiate_counter[13] ;
; 4:1                ; 20 bits   ; 40 LEs        ; 0 LEs                ; 40 LEs                 ; Yes        ; |game_main|keyboard_tracker:t1|PS2_Controller:core_driver|Altera_UP_PS2_Command_Out:PS2_Command_Out|waiting_counter[2]           ;
; 4:1                ; 4 bits    ; 8 LEs         ; 8 LEs                ; 0 LEs                  ; Yes        ; |game_main|keyboard_tracker:t1|PS2_Controller:core_driver|Altera_UP_PS2_Command_Out:PS2_Command_Out|cur_bit[3]                   ;
; 4:1                ; 4 bits    ; 8 LEs         ; 8 LEs                ; 0 LEs                  ; Yes        ; |game_main|keyboard_tracker:t1|PS2_Controller:core_driver|Altera_UP_PS2_Data_In:PS2_Data_In|data_count[3]                        ;
; 4:1                ; 17 bits   ; 34 LEs        ; 0 LEs                ; 34 LEs                 ; Yes        ; |game_main|keyboard_tracker:t1|PS2_Controller:core_driver|Altera_UP_PS2_Command_Out:PS2_Command_Out|transfer_counter[11]         ;
; 16:1               ; 2 bits    ; 20 LEs        ; 4 LEs                ; 16 LEs                 ; Yes        ; |game_main|game_control:main_control|player1_current[1]                                                                          ;
; 16:1               ; 2 bits    ; 20 LEs        ; 4 LEs                ; 16 LEs                 ; Yes        ; |game_main|game_control:main_control|player2_current[0]                                                                          ;
; 9:1                ; 3 bits    ; 18 LEs        ; 15 LEs               ; 3 LEs                  ; Yes        ; |game_main|game_control:main_control|counter_generate[1]                                                                         ;
; 3:1                ; 2 bits    ; 4 LEs         ; 4 LEs                ; 0 LEs                  ; No         ; |game_main|game_control:main_control|comb                                                                                        ;
; 3:1                ; 2 bits    ; 4 LEs         ; 4 LEs                ; 0 LEs                  ; No         ; |game_main|keyboard_tracker:t1|curr_state                                                                                        ;
; 4:1                ; 2 bits    ; 4 LEs         ; 4 LEs                ; 0 LEs                  ; No         ; |game_main|keyboard_tracker:t1|curr_state                                                                                        ;
; 6:1                ; 3 bits    ; 12 LEs        ; 12 LEs               ; 0 LEs                  ; No         ; |game_main|game_control:main_control|comb                                                                                        ;
; 7:1                ; 2 bits    ; 8 LEs         ; 8 LEs                ; 0 LEs                  ; No         ; |game_main|game_control:main_control|comb                                                                                        ;
; 8:1                ; 2 bits    ; 10 LEs        ; 10 LEs               ; 0 LEs                  ; No         ; |game_main|game_control:main_control|comb                                                                                        ;
; 12:1               ; 2 bits    ; 16 LEs        ; 16 LEs               ; 0 LEs                  ; No         ; |game_main|keyboard_tracker:t1|keypress_out[3]                                                                                   ;
+--------------------+-----------+---------------+----------------------+------------------------+------------+----------------------------------------------------------------------------------------------------------------------------------+


+------------------------------------------------------------------+
; Parameter Settings for User Entity Instance: keyboard_tracker:t1 ;
+----------------+-------+-----------------------------------------+
; Parameter Name ; Value ; Type                                    ;
+----------------+-------+-----------------------------------------+
; PULSE_OR_HOLD  ; 0     ; Signed Integer                          ;
+----------------+-------+-----------------------------------------+
Note: In order to hide this table in the UI and the text report file, please set the "Show Parameter Settings in Synthesis Report" option in "Analysis and Synthesis Settings -> More Settings" to "Off".


+---------------------------------------------------------------------------------------------+
; Parameter Settings for User Entity Instance: keyboard_tracker:t1|PS2_Controller:core_driver ;
+------------------+-------+------------------------------------------------------------------+
; Parameter Name   ; Value ; Type                                                             ;
+------------------+-------+------------------------------------------------------------------+
; INITIALIZE_MOUSE ; 0     ; Signed Integer                                                   ;
+------------------+-------+------------------------------------------------------------------+
Note: In order to hide this table in the UI and the text report file, please set the "Show Parameter Settings in Synthesis Report" option in "Analysis and Synthesis Settings -> More Settings" to "Off".


+---------------------------------------------------------------------------------------------------------------------------------------+
; Parameter Settings for User Entity Instance: keyboard_tracker:t1|PS2_Controller:core_driver|Altera_UP_PS2_Command_Out:PS2_Command_Out ;
+------------------------------------+----------------------+---------------------------------------------------------------------------+
; Parameter Name                     ; Value                ; Type                                                                      ;
+------------------------------------+----------------------+---------------------------------------------------------------------------+
; CLOCK_CYCLES_FOR_101US             ; 5050                 ; Signed Integer                                                            ;
; NUMBER_OF_BITS_FOR_101US           ; 13                   ; Signed Integer                                                            ;
; COUNTER_INCREMENT_FOR_101US        ; 0000000000001        ; Unsigned Binary                                                           ;
; CLOCK_CYCLES_FOR_15MS              ; 750000               ; Signed Integer                                                            ;
; NUMBER_OF_BITS_FOR_15MS            ; 20                   ; Signed Integer                                                            ;
; COUNTER_INCREMENT_FOR_15MS         ; 00000000000000000001 ; Unsigned Binary                                                           ;
; CLOCK_CYCLES_FOR_2MS               ; 100000               ; Signed Integer                                                            ;
; NUMBER_OF_BITS_FOR_2MS             ; 17                   ; Signed Integer                                                            ;
; COUNTER_INCREMENT_FOR_2MS          ; 00000000000000001    ; Unsigned Binary                                                           ;
; PS2_STATE_0_IDLE                   ; 000                  ; Unsigned Binary                                                           ;
; PS2_STATE_1_INITIATE_COMMUNICATION ; 001                  ; Unsigned Binary                                                           ;
; PS2_STATE_2_WAIT_FOR_CLOCK         ; 010                  ; Unsigned Binary                                                           ;
; PS2_STATE_3_TRANSMIT_DATA          ; 011                  ; Unsigned Binary                                                           ;
; PS2_STATE_4_TRANSMIT_STOP_BIT      ; 100                  ; Unsigned Binary                                                           ;
; PS2_STATE_5_RECEIVE_ACK_BIT        ; 101                  ; Unsigned Binary                                                           ;
; PS2_STATE_6_COMMAND_WAS_SENT       ; 110                  ; Unsigned Binary                                                           ;
; PS2_STATE_7_TRANSMISSION_ERROR     ; 111                  ; Unsigned Binary                                                           ;
+------------------------------------+----------------------+---------------------------------------------------------------------------+
Note: In order to hide this table in the UI and the text report file, please set the "Show Parameter Settings in Synthesis Report" option in "Analysis and Synthesis Settings -> More Settings" to "Off".


+------------------------------------------------------------------------------------------------------------------------------------------------------------------------------------------------------------+
; Port Connectivity Checks: "game_control:main_control|ssg:h4"                                                                                                                                               ;
+------+-------+----------+----------------------------------------------------------------------------------------------------------------------------------------------------------------------------------+
; Port ; Type  ; Severity ; Details                                                                                                                                                                          ;
+------+-------+----------+----------------------------------------------------------------------------------------------------------------------------------------------------------------------------------+
; SW   ; Input ; Warning  ; Input port expression (5 bits) is wider than the input port (4 bits) it drives.  The 1 most-significant bit(s) in the expression will be dangling if they have no other fanouts. ;
+------+-------+----------+----------------------------------------------------------------------------------------------------------------------------------------------------------------------------------+


+------------------------------------------------------------------------------------------------------------------------------------------------------------------------------------------------------------+
; Port Connectivity Checks: "game_control:main_control|ssg:h3"                                                                                                                                               ;
+------+-------+----------+----------------------------------------------------------------------------------------------------------------------------------------------------------------------------------+
; Port ; Type  ; Severity ; Details                                                                                                                                                                          ;
+------+-------+----------+----------------------------------------------------------------------------------------------------------------------------------------------------------------------------------+
; SW   ; Input ; Warning  ; Input port expression (5 bits) is wider than the input port (4 bits) it drives.  The 1 most-significant bit(s) in the expression will be dangling if they have no other fanouts. ;
+------+-------+----------+----------------------------------------------------------------------------------------------------------------------------------------------------------------------------------+


+------------------------------------------------------------------------------------------------------------------------------------------------------------------------------------------------------------+
; Port Connectivity Checks: "game_control:main_control|ssg:h2"                                                                                                                                               ;
+------+-------+----------+----------------------------------------------------------------------------------------------------------------------------------------------------------------------------------+
; Port ; Type  ; Severity ; Details                                                                                                                                                                          ;
+------+-------+----------+----------------------------------------------------------------------------------------------------------------------------------------------------------------------------------+
; SW   ; Input ; Warning  ; Input port expression (5 bits) is wider than the input port (4 bits) it drives.  The 1 most-significant bit(s) in the expression will be dangling if they have no other fanouts. ;
+------+-------+----------+----------------------------------------------------------------------------------------------------------------------------------------------------------------------------------+


+------------------------------------------------------------------------------------------------------------------------------------------------------------------------------------------------------------+
; Port Connectivity Checks: "game_control:main_control|ssg:h1"                                                                                                                                               ;
+------+-------+----------+----------------------------------------------------------------------------------------------------------------------------------------------------------------------------------+
; Port ; Type  ; Severity ; Details                                                                                                                                                                          ;
+------+-------+----------+----------------------------------------------------------------------------------------------------------------------------------------------------------------------------------+
; SW   ; Input ; Warning  ; Input port expression (5 bits) is wider than the input port (4 bits) it drives.  The 1 most-significant bit(s) in the expression will be dangling if they have no other fanouts. ;
+------+-------+----------+----------------------------------------------------------------------------------------------------------------------------------------------------------------------------------+


+-----------------------------------------------------------------------------------------------------------------------------------------------------------------------------------------------------------+
; Port Connectivity Checks: "game_datapath:main_datapath"                                                                                                                                                   ;
+---------------+--------+----------+-----------------------------------------------------------------------------------------------------------------------------------------------------------------------+
; Port          ; Type   ; Severity ; Details                                                                                                                                                               ;
+---------------+--------+----------+-----------------------------------------------------------------------------------------------------------------------------------------------------------------------+
; cstates       ; Output ; Warning  ; Output or bidir port (5 bits) is smaller than the port expression (7 bits) it drives.  The 2 most-significant bit(s) in the port expression will be connected to GND. ;
; cstates[4..0] ; Output ; Info     ; Connected to dangling logic. Logic that only feeds a dangling port will be removed.                                                                                   ;
+---------------+--------+----------+-----------------------------------------------------------------------------------------------------------------------------------------------------------------------+


+--------------------------------------------------------------------------------------------------------------------------------------------------------------------------------------------------+
; Port Connectivity Checks: "keyboard_tracker:t1|PS2_Controller:core_driver"                                                                                                                       ;
+-------------------------------+--------+----------+----------------------------------------------------------------------------------------------------------------------------------------------+
; Port                          ; Type   ; Severity ; Details                                                                                                                                      ;
+-------------------------------+--------+----------+----------------------------------------------------------------------------------------------------------------------------------------------+
; the_command                   ; Input  ; Warning  ; Declared by entity but not connected by instance. If a default value exists, it will be used.  Otherwise, the port will be connected to GND. ;
; send_command                  ; Input  ; Warning  ; Declared by entity but not connected by instance. If a default value exists, it will be used.  Otherwise, the port will be connected to GND. ;
; command_was_sent              ; Output ; Warning  ; Declared by entity but not connected by instance. Logic that only feeds a dangling port will be removed.                                     ;
; error_communication_timed_out ; Output ; Warning  ; Declared by entity but not connected by instance. Logic that only feeds a dangling port will be removed.                                     ;
+-------------------------------+--------+----------+----------------------------------------------------------------------------------------------------------------------------------------------+


+-----------------------------------------------------+
; Post-Synthesis Netlist Statistics for Top Partition ;
+-----------------------+-----------------------------+
; Type                  ; Count                       ;
+-----------------------+-----------------------------+
; arriav_ff             ; 149                         ;
;     ENA               ; 42                          ;
;     ENA SCLR          ; 66                          ;
;     SCLR              ; 24                          ;
;     plain             ; 17                          ;
; arriav_io_obuf        ; 2                           ;
; arriav_lcell_comb     ; 270                         ;
;     arith             ; 50                          ;
;         1 data inputs ; 50                          ;
;     extend            ; 1                           ;
;         7 data inputs ; 1                           ;
;     normal            ; 219                         ;
;         0 data inputs ; 1                           ;
;         1 data inputs ; 3                           ;
;         2 data inputs ; 14                          ;
;         3 data inputs ; 30                          ;
;         4 data inputs ; 49                          ;
;         5 data inputs ; 48                          ;
;         6 data inputs ; 74                          ;
; boundary_port         ; 90                          ;
;                       ;                             ;
; Max LUT depth         ; 5.00                        ;
; Average LUT depth     ; 2.62                        ;
+-----------------------+-----------------------------+


+-------------------------------+
; Elapsed Time Per Partition    ;
+----------------+--------------+
; Partition Name ; Elapsed Time ;
+----------------+--------------+
; Top            ; 00:00:01     ;
+----------------+--------------+


+-------------------------------+
; Analysis & Synthesis Messages ;
+-------------------------------+
Info: *******************************************************************
Info: Running Quartus Prime Analysis & Synthesis
    Info: Version 18.1.0 Build 625 09/12/2018 SJ Lite Edition
    Info: Processing started: Thu Nov 21 16:59:12 2019
Info: Command: quartus_map --read_settings_files=on --write_settings_files=off pet_royale -c pet_royale
Warning (18236): Number of processors has not been specified which may cause overloading on shared machines.  Set the global assignment NUM_PARALLEL_PROCESSORS in your QSF to an appropriate value for best performance.
Info (20030): Parallel compilation is enabled and will use 4 of the 4 processors detected
Info (12021): Found 3 design units, including 3 entities, in source file game_main.v
    Info (12023): Found entity 1: game_main File: C:/Users/kev/Documents/csc/2019fall/csc258/lab/petroyale/game_main.v Line: 1
    Info (12023): Found entity 2: game_control File: C:/Users/kev/Documents/csc/2019fall/csc258/lab/petroyale/game_main.v Line: 23
    Info (12023): Found entity 3: game_datapath File: C:/Users/kev/Documents/csc/2019fall/csc258/lab/petroyale/game_main.v Line: 216
Info (12127): Elaborating entity "game_main" for the top level hierarchy
Warning (10034): Output port "LEDR" at game_main.v(3) has no driver File: C:/Users/kev/Documents/csc/2019fall/csc258/lab/petroyale/game_main.v Line: 3
Warning (10034): Output port "VGA_R" at game_main.v(6) has no driver File: C:/Users/kev/Documents/csc/2019fall/csc258/lab/petroyale/game_main.v Line: 6
Warning (10034): Output port "VGA_G" at game_main.v(6) has no driver File: C:/Users/kev/Documents/csc/2019fall/csc258/lab/petroyale/game_main.v Line: 6
Warning (10034): Output port "VGA_B" at game_main.v(6) has no driver File: C:/Users/kev/Documents/csc/2019fall/csc258/lab/petroyale/game_main.v Line: 6
Warning (10034): Output port "VGA_CLK" at game_main.v(5) has no driver File: C:/Users/kev/Documents/csc/2019fall/csc258/lab/petroyale/game_main.v Line: 5
Warning (10034): Output port "VGA_HS" at game_main.v(5) has no driver File: C:/Users/kev/Documents/csc/2019fall/csc258/lab/petroyale/game_main.v Line: 5
Warning (10034): Output port "VGA_VS" at game_main.v(5) has no driver File: C:/Users/kev/Documents/csc/2019fall/csc258/lab/petroyale/game_main.v Line: 5
Warning (10034): Output port "VGA_BLANK_N" at game_main.v(5) has no driver File: C:/Users/kev/Documents/csc/2019fall/csc258/lab/petroyale/game_main.v Line: 5
Warning (10034): Output port "VGA_SYNC_N" at game_main.v(5) has no driver File: C:/Users/kev/Documents/csc/2019fall/csc258/lab/petroyale/game_main.v Line: 5
Warning (12125): Using design file custom_modules/keyboard_tracker.v, which is not specified as a design file for the current project, but contains definitions for 2 design units and 2 entities in project
    Info (12023): Found entity 1: keyboard_tracker File: C:/Users/kev/Documents/csc/2019fall/csc258/lab/petroyale/custom_modules/keyboard_tracker.v Line: 1
    Info (12023): Found entity 2: PS2_Controller File: C:/Users/kev/Documents/csc/2019fall/csc258/lab/petroyale/custom_modules/keyboard_tracker.v Line: 203
Info (12128): Elaborating entity "keyboard_tracker" for hierarchy "keyboard_tracker:t1" File: C:/Users/kev/Documents/csc/2019fall/csc258/lab/petroyale/game_main.v Line: 14
Warning (10230): Verilog HDL assignment warning at keyboard_tracker.v(65): truncated value with size 32 to match size of target (5) File: C:/Users/kev/Documents/csc/2019fall/csc258/lab/petroyale/custom_modules/keyboard_tracker.v Line: 65
Info (12128): Elaborating entity "PS2_Controller" for hierarchy "keyboard_tracker:t1|PS2_Controller:core_driver" File: C:/Users/kev/Documents/csc/2019fall/csc258/lab/petroyale/custom_modules/keyboard_tracker.v Line: 88
Warning (12125): Using design file custom_modules/altera_up_ps2_data_in.v, which is not specified as a design file for the current project, but contains definitions for 1 design units and 1 entities in project
    Info (12023): Found entity 1: Altera_UP_PS2_Data_In File: C:/Users/kev/Documents/csc/2019fall/csc258/lab/petroyale/custom_modules/altera_up_ps2_data_in.v Line: 10
Info (12128): Elaborating entity "Altera_UP_PS2_Data_In" for hierarchy "keyboard_tracker:t1|PS2_Controller:core_driver|Altera_UP_PS2_Data_In:PS2_Data_In" File: C:/Users/kev/Documents/csc/2019fall/csc258/lab/petroyale/custom_modules/keyboard_tracker.v Line: 440
Warning (12125): Using design file custom_modules/altera_up_ps2_command_out.v, which is not specified as a design file for the current project, but contains definitions for 1 design units and 1 entities in project
    Info (12023): Found entity 1: Altera_UP_PS2_Command_Out File: C:/Users/kev/Documents/csc/2019fall/csc258/lab/petroyale/custom_modules/altera_up_ps2_command_out.v Line: 10
Info (12128): Elaborating entity "Altera_UP_PS2_Command_Out" for hierarchy "keyboard_tracker:t1|PS2_Controller:core_driver|Altera_UP_PS2_Command_Out:PS2_Command_Out" File: C:/Users/kev/Documents/csc/2019fall/csc258/lab/petroyale/custom_modules/keyboard_tracker.v Line: 460
Info (12128): Elaborating entity "game_datapath" for hierarchy "game_datapath:main_datapath" File: C:/Users/kev/Documents/csc/2019fall/csc258/lab/petroyale/game_main.v Line: 18
Info (12128): Elaborating entity "game_control" for hierarchy "game_control:main_control" File: C:/Users/kev/Documents/csc/2019fall/csc258/lab/petroyale/game_main.v Line: 19
Warning (10036): Verilog HDL or VHDL warning at game_main.v(79): object "player1_pet" assigned a value but never read File: C:/Users/kev/Documents/csc/2019fall/csc258/lab/petroyale/game_main.v Line: 79
Warning (12125): Using design file custom_modules/ssg.v, which is not specified as a design file for the current project, but contains definitions for 1 design units and 1 entities in project
    Info (12023): Found entity 1: ssg File: C:/Users/kev/Documents/csc/2019fall/csc258/lab/petroyale/custom_modules/ssg.v Line: 3
Info (12128): Elaborating entity "ssg" for hierarchy "game_control:main_control|ssg:h1" File: C:/Users/kev/Documents/csc/2019fall/csc258/lab/petroyale/game_main.v Line: 50
Warning (12125): Using design file custom_modules/rng.v, which is not specified as a design file for the current project, but contains definitions for 1 design units and 1 entities in project
    Info (12023): Found entity 1: RNG File: C:/Users/kev/Documents/csc/2019fall/csc258/lab/petroyale/custom_modules/rng.v Line: 3
Info (12128): Elaborating entity "RNG" for hierarchy "game_control:main_control|RNG:r0" File: C:/Users/kev/Documents/csc/2019fall/csc258/lab/petroyale/game_main.v Line: 62
Warning (12241): 6 hierarchies have connectivity warnings - see the Connectivity Checks report folder
Warning (13024): Output pins are stuck at VCC or GND
    Warning (13410): Pin "LEDR[0]" is stuck at GND File: C:/Users/kev/Documents/csc/2019fall/csc258/lab/petroyale/game_main.v Line: 3
    Warning (13410): Pin "LEDR[1]" is stuck at GND File: C:/Users/kev/Documents/csc/2019fall/csc258/lab/petroyale/game_main.v Line: 3
    Warning (13410): Pin "LEDR[2]" is stuck at GND File: C:/Users/kev/Documents/csc/2019fall/csc258/lab/petroyale/game_main.v Line: 3
    Warning (13410): Pin "LEDR[3]" is stuck at GND File: C:/Users/kev/Documents/csc/2019fall/csc258/lab/petroyale/game_main.v Line: 3
    Warning (13410): Pin "LEDR[4]" is stuck at GND File: C:/Users/kev/Documents/csc/2019fall/csc258/lab/petroyale/game_main.v Line: 3
    Warning (13410): Pin "LEDR[5]" is stuck at GND File: C:/Users/kev/Documents/csc/2019fall/csc258/lab/petroyale/game_main.v Line: 3
    Warning (13410): Pin "LEDR[6]" is stuck at GND File: C:/Users/kev/Documents/csc/2019fall/csc258/lab/petroyale/game_main.v Line: 3
    Warning (13410): Pin "LEDR[7]" is stuck at GND File: C:/Users/kev/Documents/csc/2019fall/csc258/lab/petroyale/game_main.v Line: 3
    Warning (13410): Pin "LEDR[8]" is stuck at GND File: C:/Users/kev/Documents/csc/2019fall/csc258/lab/petroyale/game_main.v Line: 3
    Warning (13410): Pin "LEDR[9]" is stuck at GND File: C:/Users/kev/Documents/csc/2019fall/csc258/lab/petroyale/game_main.v Line: 3
    Warning (13410): Pin "VGA_CLK" is stuck at GND File: C:/Users/kev/Documents/csc/2019fall/csc258/lab/petroyale/game_main.v Line: 5
    Warning (13410): Pin "VGA_HS" is stuck at GND File: C:/Users/kev/Documents/csc/2019fall/csc258/lab/petroyale/game_main.v Line: 5
    Warning (13410): Pin "VGA_VS" is stuck at GND File: C:/Users/kev/Documents/csc/2019fall/csc258/lab/petroyale/game_main.v Line: 5
    Warning (13410): Pin "VGA_BLANK_N" is stuck at GND File: C:/Users/kev/Documents/csc/2019fall/csc258/lab/petroyale/game_main.v Line: 5
    Warning (13410): Pin "VGA_SYNC_N" is stuck at GND File: C:/Users/kev/Documents/csc/2019fall/csc258/lab/petroyale/game_main.v Line: 5
    Warning (13410): Pin "VGA_R[0]" is stuck at GND File: C:/Users/kev/Documents/csc/2019fall/csc258/lab/petroyale/game_main.v Line: 6
    Warning (13410): Pin "VGA_R[1]" is stuck at GND File: C:/Users/kev/Documents/csc/2019fall/csc258/lab/petroyale/game_main.v Line: 6
    Warning (13410): Pin "VGA_R[2]" is stuck at GND File: C:/Users/kev/Documents/csc/2019fall/csc258/lab/petroyale/game_main.v Line: 6
    Warning (13410): Pin "VGA_R[3]" is stuck at GND File: C:/Users/kev/Documents/csc/2019fall/csc258/lab/petroyale/game_main.v Line: 6
    Warning (13410): Pin "VGA_R[4]" is stuck at GND File: C:/Users/kev/Documents/csc/2019fall/csc258/lab/petroyale/game_main.v Line: 6
    Warning (13410): Pin "VGA_R[5]" is stuck at GND File: C:/Users/kev/Documents/csc/2019fall/csc258/lab/petroyale/game_main.v Line: 6
    Warning (13410): Pin "VGA_R[6]" is stuck at GND File: C:/Users/kev/Documents/csc/2019fall/csc258/lab/petroyale/game_main.v Line: 6
    Warning (13410): Pin "VGA_R[7]" is stuck at GND File: C:/Users/kev/Documents/csc/2019fall/csc258/lab/petroyale/game_main.v Line: 6
    Warning (13410): Pin "VGA_R[8]" is stuck at GND File: C:/Users/kev/Documents/csc/2019fall/csc258/lab/petroyale/game_main.v Line: 6
    Warning (13410): Pin "VGA_R[9]" is stuck at GND File: C:/Users/kev/Documents/csc/2019fall/csc258/lab/petroyale/game_main.v Line: 6
    Warning (13410): Pin "VGA_G[0]" is stuck at GND File: C:/Users/kev/Documents/csc/2019fall/csc258/lab/petroyale/game_main.v Line: 6
    Warning (13410): Pin "VGA_G[1]" is stuck at GND File: C:/Users/kev/Documents/csc/2019fall/csc258/lab/petroyale/game_main.v Line: 6
    Warning (13410): Pin "VGA_G[2]" is stuck at GND File: C:/Users/kev/Documents/csc/2019fall/csc258/lab/petroyale/game_main.v Line: 6
    Warning (13410): Pin "VGA_G[3]" is stuck at GND File: C:/Users/kev/Documents/csc/2019fall/csc258/lab/petroyale/game_main.v Line: 6
    Warning (13410): Pin "VGA_G[4]" is stuck at GND File: C:/Users/kev/Documents/csc/2019fall/csc258/lab/petroyale/game_main.v Line: 6
    Warning (13410): Pin "VGA_G[5]" is stuck at GND File: C:/Users/kev/Documents/csc/2019fall/csc258/lab/petroyale/game_main.v Line: 6
    Warning (13410): Pin "VGA_G[6]" is stuck at GND File: C:/Users/kev/Documents/csc/2019fall/csc258/lab/petroyale/game_main.v Line: 6
    Warning (13410): Pin "VGA_G[7]" is stuck at GND File: C:/Users/kev/Documents/csc/2019fall/csc258/lab/petroyale/game_main.v Line: 6
    Warning (13410): Pin "VGA_G[8]" is stuck at GND File: C:/Users/kev/Documents/csc/2019fall/csc258/lab/petroyale/game_main.v Line: 6
    Warning (13410): Pin "VGA_G[9]" is stuck at GND File: C:/Users/kev/Documents/csc/2019fall/csc258/lab/petroyale/game_main.v Line: 6
    Warning (13410): Pin "VGA_B[0]" is stuck at GND File: C:/Users/kev/Documents/csc/2019fall/csc258/lab/petroyale/game_main.v Line: 6
    Warning (13410): Pin "VGA_B[1]" is stuck at GND File: C:/Users/kev/Documents/csc/2019fall/csc258/lab/petroyale/game_main.v Line: 6
    Warning (13410): Pin "VGA_B[2]" is stuck at GND File: C:/Users/kev/Documents/csc/2019fall/csc258/lab/petroyale/game_main.v Line: 6
    Warning (13410): Pin "VGA_B[3]" is stuck at GND File: C:/Users/kev/Documents/csc/2019fall/csc258/lab/petroyale/game_main.v Line: 6
    Warning (13410): Pin "VGA_B[4]" is stuck at GND File: C:/Users/kev/Documents/csc/2019fall/csc258/lab/petroyale/game_main.v Line: 6
    Warning (13410): Pin "VGA_B[5]" is stuck at GND File: C:/Users/kev/Documents/csc/2019fall/csc258/lab/petroyale/game_main.v Line: 6
    Warning (13410): Pin "VGA_B[6]" is stuck at GND File: C:/Users/kev/Documents/csc/2019fall/csc258/lab/petroyale/game_main.v Line: 6
    Warning (13410): Pin "VGA_B[7]" is stuck at GND File: C:/Users/kev/Documents/csc/2019fall/csc258/lab/petroyale/game_main.v Line: 6
    Warning (13410): Pin "VGA_B[8]" is stuck at GND File: C:/Users/kev/Documents/csc/2019fall/csc258/lab/petroyale/game_main.v Line: 6
    Warning (13410): Pin "VGA_B[9]" is stuck at GND File: C:/Users/kev/Documents/csc/2019fall/csc258/lab/petroyale/game_main.v Line: 6
Info (286030): Timing-Driven Synthesis is running
Info (17049): 32 registers lost all their fanouts during netlist optimizations.
Info (16010): Generating hard_block partition "hard_block:auto_generated_inst"
    Info (16011): Adding 0 node(s), including 0 DDIO, 0 PLL, 0 transceiver and 0 LCELL
Warning (21074): Design contains 3 input pin(s) that do not drive logic
    Warning (15610): No output dependent on input pin "KEY[1]" File: C:/Users/kev/Documents/csc/2019fall/csc258/lab/petroyale/game_main.v Line: 1
    Warning (15610): No output dependent on input pin "KEY[2]" File: C:/Users/kev/Documents/csc/2019fall/csc258/lab/petroyale/game_main.v Line: 1
    Warning (15610): No output dependent on input pin "KEY[3]" File: C:/Users/kev/Documents/csc/2019fall/csc258/lab/petroyale/game_main.v Line: 1
Info (21057): Implemented 397 device resources after synthesis - the final resource count might be different
    Info (21058): Implemented 15 input pins
    Info (21059): Implemented 73 output pins
    Info (21060): Implemented 2 bidirectional pins
    Info (21061): Implemented 307 logic cells
Info: Quartus Prime Analysis & Synthesis was successful. 0 errors, 68 warnings
    Info: Peak virtual memory: 4838 megabytes
    Info: Processing ended: Thu Nov 21 16:59:26 2019
    Info: Elapsed time: 00:00:14
    Info: Total CPU time (on all processors): 00:00:23


